[LOG] System::create                           : Header version = 2.00.06. Current version = 2.00.06.
[LOG] Manager::init                            : maxchannels = 256 studioflags = 00000006 flags 00000000 extradriverdata 0000000000000000.
[LOG] SystemI::init                            : Initialize version=20006 (106220), maxchannels=256, flags=0x00020000
[LOG] SystemI::setOutputInternal               : Setting output to 'FMOD WASAPI Output'
[LOG] OutputWASAPI::init                       : Mix Format (WAVEFORMATEX): wFormatTag=0xFFFE, nChannels=2, nSamplesPerSec=48000, nAvgBytesPerSec=384000, nBlockAlign=8, wBitsPerSample=32, cbSize=22.
[LOG] OutputWASAPI::init                       : Mix Format (WAVEFORMATEXTENSIBLE): wValidBitsPerSample=32, dwChannelMask=0x00000003, SubFormat=00000003-0000-0010-8000-00AA00389B71.
[LOG] OutputWASAPI::init                       : Output buffer size: 4096 samples, latency: 0.00ms, period: 10.00ms, DSP buffer: 1024 * 4
[LOG] Thread::initThread                       : Init FMOD stream thread. Priority: 2, Stack Size: 98304, Semaphore: No, Sleep Time: 10, Looping: Yes.
[LOG] Thread::initThread                       : Init FMOD mixer thread. Priority: 3, Stack Size: 81920, Semaphore: No, Sleep Time: 0, Looping: Yes.
[LOG] AsyncManager::init                       : manager 00000221101DE8F8 isAsync 0 updatePeriod 0.02
[LOG] AsyncManager::init                       : done
[LOG] PlaybackSystem::init                     : 
[LOG] Thread::initThread                       : Init FMOD Studio sample load thread. Priority: 0, Stack Size: 98304, Semaphore: No, Sleep Time: 1, Looping: No.
[LOG] PlaybackSystem::init                     : done
[LOG] Thread::initThread                       : Init FMOD Studio bank load thread. Priority: 0, Stack Size: 98304, Semaphore: No, Sleep Time: 1, Looping: No.
[LOG] Manager::init                            : done.
[LOG] Manager::readBank                        : fileversion = 123, compatVersion = 119 (oldest = 44, newest = 123)
[LOG] PlaybackSystem::acquireMasterBus         : Setting master channel group format to 6
[LOG] SystemI::createSoundInternal             : Create name='', mode=0x02000202
[LOG] SystemI::createSoundInternal             : exinfo->cbsize             = 224
[LOG] SystemI::createSoundInternal             : exinfo->length             = 942720
[LOG] SystemI::createSoundInternal             : exinfo->fileoffset         = 35968
[LOG] SystemI::createSoundInternal             : exinfo->numsubsounds       = 1
[LOG] SystemI::createSoundInternal             : exinfo->inclusionlist      = 00000068156FF3CC
[LOG] SystemI::createSoundInternal             : exinfo->inclusionlistnum   = 1
[LOG] SystemI::createSoundInternal             : exinfo->suggestedsoundtype = 5
[LOG] SystemI::createSoundInternal             : exinfo->useropen           = 00007FFA55FA80A0
[LOG] SystemI::createSoundInternal             : exinfo->userclose          = 00007FFA55FA8070
[LOG] SystemI::createSoundInternal             : exinfo->userread           = 00007FFA55FA8170
[LOG] SystemI::createSoundInternal             : exinfo->userseek           = 00007FFA55FA8230
[LOG] SystemI::createSoundInternal             : exinfo->fileuserdata       = 0000022116F85058
[LOG] SystemI::createSoundInternal             : exinfo->initialseekpostype = 1
[LOG] SystemI::DSPCodecPoolRegister            : register codec pool for pool type 5
[LOG] SystemI::createSoundInternal             : Sample 0/1: name='Sword_ScannerActive_Take1', format=2, channels=1, frequency=48000, lengthbytes=82272, lengthpcm=1246029, pcmblocksize=0, loopstart=0, loopend=0, mode=0x00000000, channelmask=0x00000000, channelorder=0, peakvolume=0.642132.
[LOG] SoundI::release                          :  (000002216AD79AC8)
[LOG] SoundI::release                          :     Sword_ScannerActive_Take1 (0000022116F71468)
[LOG] Manager::readBank                        : fileversion = 123, compatVersion = 119 (oldest = 44, newest = 123)
[LOG] PlaybackSystem::acquireMasterBus         : Setting master channel group format to 6
[LOG] SystemI::createSoundInternal             : Create name='', mode=0x02000202
[LOG] SystemI::createSoundInternal             : exinfo->cbsize             = 224
[LOG] SystemI::createSoundInternal             : exinfo->length             = 942720
[LOG] SystemI::createSoundInternal             : exinfo->fileoffset         = 35968
[LOG] SystemI::createSoundInternal             : exinfo->numsubsounds       = 1
[LOG] SystemI::createSoundInternal             : exinfo->inclusionlist      = 00000068156FF3CC
[LOG] SystemI::createSoundInternal             : exinfo->inclusionlistnum   = 1
[LOG] SystemI::createSoundInternal             : exinfo->suggestedsoundtype = 5
[LOG] SystemI::createSoundInternal             : exinfo->useropen           = 00007FFA55FA80A0
[LOG] SystemI::createSoundInternal             : exinfo->userclose          = 00007FFA55FA8070
[LOG] SystemI::createSoundInternal             : exinfo->userread           = 00007FFA55FA8170
[LOG] SystemI::createSoundInternal             : exinfo->userseek           = 00007FFA55FA8230
[LOG] SystemI::createSoundInternal             : exinfo->fileuserdata       = 0000022116F85058
[LOG] SystemI::createSoundInternal             : exinfo->initialseekpostype = 1
[LOG] SystemI::DSPCodecPoolRegister            : register codec pool for pool type 5
[LOG] SystemI::createSoundInternal             : Sample 0/1: name='Enemy1_Step_Take1', format=2, channels=2, frequency=48000, lengthbytes=10944, lengthpcm=40241, pcmblocksize=0, loopstart=0, loopend=0, mode=0x00000000, channelmask=0x00000000, channelorder=0, peakvolume=0.999969.
[LOG] SystemI::createSoundInternal             : Create name='', mode=0x02000202
[LOG] SystemI::createSoundInternal             : exinfo->cbsize             = 224
[LOG] SystemI::createSoundInternal             : exinfo->length             = 942720
[LOG] SystemI::createSoundInternal             : exinfo->fileoffset         = 35968
[LOG] SystemI::createSoundInternal             : exinfo->numsubsounds       = 1
[LOG] SystemI::createSoundInternal             : exinfo->inclusionlist      = 00000068156FF3CC
[LOG] SystemI::createSoundInternal             : exinfo->inclusionlistnum   = 1
[LOG] SystemI::createSoundInternal             : exinfo->suggestedsoundtype = 5
[LOG] SystemI::createSoundInternal             : exinfo->useropen           = 00007FFA55FA80A0
[LOG] SystemI::createSoundInternal             : exinfo->userclose          = 00007FFA55FA8070
[LOG] SystemI::createSoundInternal             : exinfo->userread           = 00007FFA55FA8170
[LOG] SystemI::createSoundInternal             : exinfo->userseek           = 00007FFA55FA8230
[LOG] SystemI::createSoundInternal             : exinfo->fileuserdata       = 0000022116F85058
[LOG] SystemI::createSoundInternal             : exinfo->initialseekpostype = 1
[LOG] SystemI::DSPCodecPoolRegister            : register codec pool for pool type 5
[LOG] SystemI::createSoundInternal             : Sample 0/1: name='Enemy1_Step_Take2', format=2, channels=2, frequency=48000, lengthbytes=11648, lengthpcm=36930, pcmblocksize=0, loopstart=0, loopend=0, mode=0x00000000, channelmask=0x00000000, channelorder=0, peakvolume=0.478699.
[LOG] SystemI::createSoundInternal             : Create name='', mode=0x02000202
[LOG] SystemI::createSoundInternal             : exinfo->cbsize             = 224
[LOG] SystemI::createSoundInternal             : exinfo->length             = 942720
[LOG] SystemI::createSoundInternal             : exinfo->fileoffset         = 35968
[LOG] SystemI::createSoundInternal             : exinfo->numsubsounds       = 1
[LOG] SystemI::createSoundInternal             : exinfo->inclusionlist      = 00000068156FF3CC
[LOG] SystemI::createSoundInternal             : exinfo->inclusionlistnum   = 1
[LOG] SystemI::createSoundInternal             : exinfo->suggestedsoundtype = 5
[LOG] SystemI::createSoundInternal             : exinfo->useropen           = 00007FFA55FA80A0
[LOG] SystemI::createSoundInternal             : exinfo->userclose          = 00007FFA55FA8070
[LOG] SystemI::createSoundInternal             : exinfo->userread           = 00007FFA55FA8170
[LOG] SystemI::createSoundInternal             : exinfo->userseek           = 00007FFA55FA8230
[LOG] SystemI::createSoundInternal             : exinfo->fileuserdata       = 0000022116F85058
[LOG] SystemI::createSoundInternal             : exinfo->initialseekpostype = 1
[LOG] SystemI::DSPCodecPoolRegister            : register codec pool for pool type 5
[LOG] SystemI::createSoundInternal             : Sample 0/1: name='Enemy1_Step_Take3', format=2, channels=2, frequency=48000, lengthbytes=7520, lengthpcm=26645, pcmblocksize=0, loopstart=0, loopend=0, mode=0x00000000, channelmask=0x00000000, channelorder=0, peakvolume=0.999969.
[LOG] SoundI::release                          :  (00000221654E9788)
[LOG] SoundI::release                          :     Enemy1_Step_Take1 (0000022116F71468)
[LOG] SoundI::release                          :  (00000221654E98F8)
[LOG] SoundI::release                          :     Enemy1_Step_Take3 (0000022116F72B28)
[LOG] SoundI::release                          :  (00000221654E9BD8)
[LOG] SoundI::release                          :     Enemy1_Step_Take2 (0000022116F71C88)
